<?xml version="1.0" encoding="UTF-8"?>
<testsuite name="com.kodilla.stream.array.ArrayOperationsTestSuite" tests="1" skipped="0" failures="0" errors="0" timestamp="2018-09-09T17:47:41" hostname="DESKTOP-0RN97J4" time="0.014">
  <properties/>
  <testcase name="testGetAverage" classname="com.kodilla.stream.array.ArrayOperationsTestSuite" time="0.014"/>
  <system-out><![CDATA[0
1
2
3
4
]]></system-out>
  <system-err><![CDATA[]]></system-err>
</testsuite>
