<?xml version="1.0" encoding="UTF-8"?>
<testsuite name="com.kodilla.testing.forum.CollectionTestSuite" tests="2" skipped="0" failures="0" errors="0" timestamp="2018-09-09T17:47:44" hostname="DESKTOP-0RN97J4" time="0.006">
  <properties/>
  <testcase name="testCaseEmptyArray" classname="com.kodilla.testing.forum.CollectionTestSuite" time="0.005"/>
  <testcase name="testCaseFullArray" classname="com.kodilla.testing.forum.CollectionTestSuite" time="0.001"/>
  <system-out><![CDATA[Test Suite: begin
Test Case: begin
Testing []
Test Case: end
Test Case: begin
Testing [2]
Test Case: end
Test Suite: end
]]></system-out>
  <system-err><![CDATA[]]></system-err>
</testsuite>
