<?xml version="1.0" encoding="UTF-8"?>
<testsuite name="com.kodilla.patterns.builder.bigmac.BigmacTestSuite" tests="1" skipped="0" failures="0" errors="0" timestamp="2018-06-27T17:42:45" hostname="DESKTOP-0RN97J4" time="0.003">
  <properties/>
  <testcase name="testPizzaNew" classname="com.kodilla.patterns.builder.bigmac.BigmacTestSuite" time="0.003"/>
  <system-out><![CDATA[Bigmac{bun='standard', burgers=3, sauce='barbecue', ingredients=[onion, bacon, chilli]}
]]></system-out>
  <system-err><![CDATA[]]></system-err>
</testsuite>
