<?xml version="1.0" encoding="UTF-8"?>
<testsuite name="com.kodilla.patterns2.decorator.taxiportal.TaxiOrderTestSuite" tests="10" skipped="0" failures="0" errors="0" timestamp="2018-09-09T18:45:51" hostname="DESKTOP-0RN97J4" time="0.011">
  <properties/>
  <testcase name="testVipTaxiWithChildSeatExpressGetCost" classname="com.kodilla.patterns2.decorator.taxiportal.TaxiOrderTestSuite" time="0.006"/>
  <testcase name="testUberWithTwoChildSeatGetCost" classname="com.kodilla.patterns2.decorator.taxiportal.TaxiOrderTestSuite" time="0.001"/>
  <testcase name="testMyTaxiWithChildSeatGetCost" classname="com.kodilla.patterns2.decorator.taxiportal.TaxiOrderTestSuite" time="0.002"/>
  <testcase name="testBasicTaxiOrderGetCost" classname="com.kodilla.patterns2.decorator.taxiportal.TaxiOrderTestSuite" time="0.0"/>
  <testcase name="testMyTaxiWithChildSeatGetDescription" classname="com.kodilla.patterns2.decorator.taxiportal.TaxiOrderTestSuite" time="0.001"/>
  <testcase name="testVipTaxiWithChildSeatExpressGetDescription" classname="com.kodilla.patterns2.decorator.taxiportal.TaxiOrderTestSuite" time="0.0"/>
  <testcase name="testTaxiNetworkGetDescription" classname="com.kodilla.patterns2.decorator.taxiportal.TaxiOrderTestSuite" time="0.0"/>
  <testcase name="testTaxiNetworkGetCost" classname="com.kodilla.patterns2.decorator.taxiportal.TaxiOrderTestSuite" time="0.0"/>
  <testcase name="testBasicTaxiOrderGetDescription" classname="com.kodilla.patterns2.decorator.taxiportal.TaxiOrderTestSuite" time="0.0"/>
  <testcase name="testUberWithTwoChildSeatGetDescription" classname="com.kodilla.patterns2.decorator.taxiportal.TaxiOrderTestSuite" time="0.0"/>
  <system-out><![CDATA[]]></system-out>
  <system-err><![CDATA[]]></system-err>
</testsuite>
