<?xml version="1.0" encoding="UTF-8"?>
<testsuite name="com.kodilla.jdbc.DbManagerTestSuite" tests="3" skipped="0" failures="0" errors="0" timestamp="2018-07-08T16:14:10" hostname="DESKTOP-0RN97J4" time="0.226">
  <properties/>
  <testcase name="testSelectUsers" classname="com.kodilla.jdbc.DbManagerTestSuite" time="0.223"/>
  <testcase name="testConnect" classname="com.kodilla.jdbc.DbManagerTestSuite" time="0.0"/>
  <testcase name="testSelectUsersAndPosts" classname="com.kodilla.jdbc.DbManagerTestSuite" time="0.002"/>
  <system-out><![CDATA[1, John, Smith
2, Zachary, Lee
3, Stephanie, Kovalsky
4, Thomas, Landgren
5, John, Thomson
John, Smith
Zachary, Lee
]]></system-out>
  <system-err><![CDATA[]]></system-err>
</testsuite>
